<?xml version="1.0" encoding="UTF-8"?>
<!-- Generated by org.testng.reporters.JUnitReportReporter -->
<testsuite hostname="L-PF2M9AF8" failures="0" tests="1" name="com.naukari.test.web.login.ForgotPasswordTestValidAndInValid" time="39.373" errors="0" timestamp="2023-12-28T12:13:51 IST" skipped="0">
  <testcase classname="com.naukari.test.web.login.ForgotPasswordTestValidAndInValid" name="A01_toVerifyThatClickingTheForgotPasswordlinkRedirectsTheUserToThePasswordRecoveryPageAndThePasswordRecoveryFunctionality" time="39.373"/>
  <system-out/>
</testsuite> <!-- com.naukari.test.web.login.ForgotPasswordTestValidAndInValid -->
