<?xml version="1.0" encoding="UTF-8"?>
<!-- Generated by org.testng.reporters.JUnitReportReporter -->
<testsuite hostname="L-PF2M9AF8" failures="0" tests="1" name="com.naukari.test.web.login.LoginSuccessfullyTestValid" time="4.668" errors="0" timestamp="2023-12-27T17:55:18 IST" skipped="0">
  <testcase classname="com.naukari.test.web.login.LoginSuccessfullyTestValid" name="A05_toConfirmThatTheLoginButtonIsEnabledOnlyWhenBothUsernameAndPasswordFieldsAreFilledWithValidInput" time="4.668"/>
  <system-out/>
</testsuite> <!-- com.naukari.test.web.login.LoginSuccessfullyTestValid -->
