<?xml version="1.0" encoding="UTF-8"?>
<!-- Generated by org.testng.reporters.JUnitReportReporter -->
<testsuite hostname="L-PF2M9AF8" failures="0" tests="5" name="com.naukari.test.web.login.LoginSuccessfullyTestValidAndInvalid" time="24.104" errors="0" timestamp="2023-12-28T13:12:24 IST" skipped="0">
  <testcase classname="com.naukari.test.web.login.LoginSuccessfullyTestValidAndInvalid" name="A02_toValidateThatAnErrorMessageIsDisplayedWhenAttemptingToLogInWithInvalidCredentials" time="7.356"/>
  <system-out/>
  <testcase classname="com.naukari.test.web.login.LoginSuccessfullyTestValidAndInvalid" name="A03_toEnsureThatTheLoginPageRetainsTheEnteredUsernameAndPasswordFieldsValuesAfterAFailedLoginAttempt" time="4.638"/>
  <system-out/>
  <testcase classname="com.naukari.test.web.login.LoginSuccessfullyTestValidAndInvalid" name="A04_toTestThatTheLoginButtonIsDisabledWhenBothUsernameAndPasswordFieldsAreEmpty" time="1.140"/>
  <system-out/>
  <testcase classname="com.naukari.test.web.login.LoginSuccessfullyTestValidAndInvalid" name="A01_toVerifyThatAUserWithValidCredentialsCanSuccessfullyLogInAndloginessTheSystem" time="6.871"/>
  <system-out/>
  <testcase classname="com.naukari.test.web.login.LoginSuccessfullyTestValidAndInvalid" name="A05_toConfirmThatTheLoginButtonIsEnabledOnlyWhenBothUsernameAndPasswordFieldsAreFilledWithValidInput" time="4.099"/>
  <system-out/>
</testsuite> <!-- com.naukari.test.web.login.LoginSuccessfullyTestValidAndInvalid -->
